This file contains any messages produced by compilers while
running configure, to aid debugging if configure makes a mistake.

It was created by configure, which was
generated by GNU Autoconf 2.53.  Invocation command line was

  $ ./configure 

## --------- ##
## Platform. ##
## --------- ##

hostname = jt06.homeworld.int
uname -m = x86_64
uname -r = 3.19.8-100.fc20.x86_64
uname -s = Linux
uname -v = #1 SMP Tue May 12 17:08:50 UTC 2015

/usr/bin/uname -p = x86_64
/bin/uname -X     = unknown

/bin/arch              = x86_64
/usr/bin/arch -k       = unknown
/usr/convex/getsysinfo = unknown
hostinfo               = unknown
/bin/machine           = unknown
/usr/bin/oslevel       = unknown
/bin/universe          = unknown

PATH: /home/jt/.bin2
PATH: /home/jt/.bin
PATH: /home/jt/.rvm/gems/ruby-2.2.1/bin
PATH: /home/jt/.rvm/gems/ruby-2.2.1@global/bin
PATH: /home/jt/.rvm/rubies/ruby-2.2.1/bin
PATH: /home/jt/.bin2
PATH: /home/jt/.bin
PATH: /usr/local/bin
PATH: /usr/bin
PATH: /bin
PATH: /usr/local/sbin
PATH: /usr/sbin
PATH: /home/jt/.rvm/bin
PATH: /home/jt/.rvm/bin
PATH: /home/jt/.local/bin
PATH: /home/jt/bin
PATH: /home/jt/.rvm/bin
PATH: /opt/android-sdk-linux/tools/
PATH: /opt/android-sdk-linux/platform-tools


## ----------- ##
## Core tests. ##
## ----------- ##

configure:1228: checking for a BSD-compatible install
configure:1282: result: /usr/bin/install -c
configure:1293: checking whether build environment is sane
configure:1336: result: yes
configure:1370: checking for gawk
configure:1386: found /usr/bin/gawk
configure:1396: result: gawk
configure:1406: checking whether make sets ${MAKE}
configure:1426: result: yes
configure:1576: checking for gcc
configure:1592: found /usr/bin/gcc
configure:1602: result: gcc
configure:1846: checking for C compiler version
configure:1849: gcc --version </dev/null >&5
gcc (GCC) 4.8.3 20140911 (Red Hat 4.8.3-7)
Copyright (C) 2013 Free Software Foundation, Inc.
This is free software; see the source for copying conditions.  There is NO
warranty; not even for MERCHANTABILITY or FITNESS FOR A PARTICULAR PURPOSE.

configure:1852: $? = 0
configure:1854: gcc -v </dev/null >&5
Using built-in specs.
COLLECT_GCC=gcc
COLLECT_LTO_WRAPPER=/usr/libexec/gcc/x86_64-redhat-linux/4.8.3/lto-wrapper
Target: x86_64-redhat-linux
Configured with: ../configure --prefix=/usr --mandir=/usr/share/man --infodir=/usr/share/info --with-bugurl=http://bugzilla.redhat.com/bugzilla --enable-bootstrap --enable-shared --enable-threads=posix --enable-checking=release --with-system-zlib --enable-__cxa_atexit --disable-libunwind-exceptions --enable-gnu-unique-object --enable-linker-build-id --with-linker-hash-style=gnu --enable-languages=c,c++,objc,obj-c++,java,fortran,ada,go,lto --enable-plugin --enable-initfini-array --enable-java-awt=gtk --disable-dssi --with-java-home=/usr/lib/jvm/java-1.5.0-gcj-1.5.0.0/jre --enable-libgcj-multifile --enable-java-maintainer-mode --with-ecj-jar=/usr/share/java/eclipse-ecj.jar --disable-libjava-multilib --with-isl=/builddir/build/BUILD/gcc-4.8.3-20140911/obj-x86_64-redhat-linux/isl-install --with-cloog=/builddir/build/BUILD/gcc-4.8.3-20140911/obj-x86_64-redhat-linux/cloog-install --with-tune=generic --with-arch_32=i686 --build=x86_64-redhat-linux
Thread model: posix
gcc version 4.8.3 20140911 (Red Hat 4.8.3-7) (GCC) 
configure:1857: $? = 0
configure:1859: gcc -V </dev/null >&5
gcc: error: unrecognized command line option '-V'
gcc: fatal error: no input files
compilation terminated.
configure:1862: $? = 4
configure:1888: checking for C compiler default output
configure:1891: gcc    conftest.c  >&5
configure:1894: $? = 0
configure:1927: result: a.out
configure:1932: checking whether the C compiler works
configure:1938: ./a.out
configure:1941: $? = 0
configure:1956: result: yes
configure:1963: checking whether we are cross compiling
configure:1965: result: no
configure:1968: checking for suffix of executables
configure:1970: gcc -o conftest    conftest.c  >&5
configure:1973: $? = 0
configure:1995: result: 
configure:2001: checking for suffix of object files
configure:2025: gcc -c   conftest.c >&5
configure:2028: $? = 0
configure:2047: result: o
configure:2051: checking whether we are using the GNU C compiler
configure:2078: gcc -c   conftest.c >&5
configure:2081: $? = 0
configure:2084: test -s conftest.o
configure:2087: $? = 0
configure:2099: result: yes
configure:2105: checking whether gcc accepts -g
configure:2129: gcc -c -g  conftest.c >&5
configure:2132: $? = 0
configure:2135: test -s conftest.o
configure:2138: $? = 0
configure:2148: result: yes
configure:2175: gcc -c -g -O2  conftest.c >&5
conftest.c:2:3: error: unknown type name 'choke'
   choke me
   ^
conftest.c:2:3: error: expected '=', ',', ';', 'asm' or '__attribute__' at end of input
configure:2178: $? = 1
configure: failed program was:
#ifndef __cplusplus
  choke me
#endif
configure:2296: checking for style of include used by make
configure:2324: result: GNU
configure:2331: checking dependency style of gcc
configure:2393: result: gcc3
configure:2410: checking for a BSD-compatible install
configure:2464: result: /usr/bin/install -c
configure:2482: checking whether byte ordering is bigendian
configure:2512: gcc -c -g -O2  conftest.c >&5
configure:2515: $? = 0
configure:2518: test -s conftest.o
configure:2521: $? = 0
configure:2548: gcc -c -g -O2  conftest.c >&5
configure: In function 'main':
configure:2538:2: error: unknown type name 'not'
 {
  ^
configure:2538:10: error: expected '=', ',', ';', 'asm' or '__attribute__' before 'endian'
 {
          ^
configure:2551: $? = 1
configure: failed program was:
#line 2524 "configure"
#include "confdefs.h"
#include <sys/types.h>
#include <sys/param.h>

#ifdef F77_DUMMY_MAIN
#  ifdef __cplusplus
     extern "C"
#  endif
   int F77_DUMMY_MAIN() { return 1; }
#endif
int
main ()
{
#if BYTE_ORDER != BIG_ENDIAN
 not big endian
#endif

  ;
  return 0;
}
configure:2665: result: no
configure:2684: checking for gcc option to accept ANSI C
configure:2747: gcc  -c -g -O2  conftest.c >&5
configure:2750: $? = 0
configure:2753: test -s conftest.o
configure:2756: $? = 0
configure:2773: result: none needed
configure:2781: checking for an ANSI C-conforming const
configure:2851: gcc -c -g -O2  conftest.c >&5
configure:2854: $? = 0
configure:2857: test -s conftest.o
configure:2860: $? = 0
configure:2870: result: yes
configure:2880: checking for inline
configure:2897: gcc -c -g -O2  conftest.c >&5
configure:2900: $? = 0
configure:2903: test -s conftest.o
configure:2906: $? = 0
configure:2917: result: inline
configure:2938: checking for memset
configure:2981: gcc -o conftest -g -O2   conftest.c  >&5
configure:2953:6: warning: conflicting types for built-in function 'memset' [enabled by default]
 /* We use char because int might match the return type of a gcc2
      ^
configure:2984: $? = 0
configure:2987: test -s conftest
configure:2990: $? = 0
configure:3000: result: yes
configure:3015: checking how to run the C preprocessor
configure:3041: gcc -E  conftest.c
configure:3047: $? = 0
configure:3074: gcc -E  conftest.c
configure:3070:28: fatal error: ac_nonexistent.h: No such file or directory
 #line $LINENO "configure"
                            ^
compilation terminated.
configure:3080: $? = 1
configure: failed program was:
#line 3069 "configure"
#include "confdefs.h"
#include <ac_nonexistent.h>
configure:3117: result: gcc -E
configure:3132: gcc -E  conftest.c
configure:3138: $? = 0
configure:3165: gcc -E  conftest.c
configure:3161:28: fatal error: ac_nonexistent.h: No such file or directory
 #line $LINENO "configure"
                            ^
compilation terminated.
configure:3171: $? = 1
configure: failed program was:
#line 3160 "configure"
#include "confdefs.h"
#include <ac_nonexistent.h>
configure:3211: checking for ANSI C header files
configure:3225: gcc -E  conftest.c
configure:3231: $? = 0
configure:3318: gcc -o conftest -g -O2   conftest.c  >&5
configure: In function 'main':
configure:3309:7: warning: incompatible implicit declaration of built-in function 'exit' [enabled by default]
   int i;
       ^
configure:3321: $? = 0
configure:3323: ./conftest
configure:3326: $? = 0
configure:3340: result: yes
configure:3364: checking for sys/types.h
configure:3377: gcc -c -g -O2  conftest.c >&5
configure:3380: $? = 0
configure:3383: test -s conftest.o
configure:3386: $? = 0
configure:3396: result: yes
configure:3364: checking for sys/stat.h
configure:3377: gcc -c -g -O2  conftest.c >&5
configure:3380: $? = 0
configure:3383: test -s conftest.o
configure:3386: $? = 0
configure:3396: result: yes
configure:3364: checking for stdlib.h
configure:3377: gcc -c -g -O2  conftest.c >&5
configure:3380: $? = 0
configure:3383: test -s conftest.o
configure:3386: $? = 0
configure:3396: result: yes
configure:3364: checking for string.h
configure:3377: gcc -c -g -O2  conftest.c >&5
configure:3380: $? = 0
configure:3383: test -s conftest.o
configure:3386: $? = 0
configure:3396: result: yes
configure:3364: checking for memory.h
configure:3377: gcc -c -g -O2  conftest.c >&5
configure:3380: $? = 0
configure:3383: test -s conftest.o
configure:3386: $? = 0
configure:3396: result: yes
configure:3364: checking for strings.h
configure:3377: gcc -c -g -O2  conftest.c >&5
configure:3380: $? = 0
configure:3383: test -s conftest.o
configure:3386: $? = 0
configure:3396: result: yes
configure:3364: checking for inttypes.h
configure:3377: gcc -c -g -O2  conftest.c >&5
configure:3380: $? = 0
configure:3383: test -s conftest.o
configure:3386: $? = 0
configure:3396: result: yes
configure:3364: checking for stdint.h
configure:3377: gcc -c -g -O2  conftest.c >&5
configure:3380: $? = 0
configure:3383: test -s conftest.o
configure:3386: $? = 0
configure:3396: result: yes
configure:3364: checking for unistd.h
configure:3377: gcc -c -g -O2  conftest.c >&5
configure:3380: $? = 0
configure:3383: test -s conftest.o
configure:3386: $? = 0
configure:3396: result: yes
configure:3413: checking for stdlib.h
configure:3418: result: yes
configure:3522: checking for working malloc
configure:3554: gcc -o conftest -g -O2   conftest.c  >&5
configure:3557: $? = 0
configure:3559: ./conftest
configure:3562: $? = 0
configure:3575: result: yes
configure:3699: creating ./config.status

## ---------------------- ##
## Running config.status. ##
## ---------------------- ##

This file was extended by config.status, which was
generated by GNU Autoconf 2.53.  Invocation command line was

  CONFIG_FILES    = 
  CONFIG_HEADERS  = 
  CONFIG_LINKS    = 
  CONFIG_COMMANDS = 
  $ ./config.status 

on jt06.homeworld.int

config.status:590: creating Makefile
config.status:715: executing default-1 commands

## ---------------- ##
## Cache variables. ##
## ---------------- ##

ac_cv_c_bigendian=no
ac_cv_c_compiler_gnu=yes
ac_cv_c_const=yes
ac_cv_c_inline=inline
ac_cv_env_CC_set=
ac_cv_env_CC_value=
ac_cv_env_CFLAGS_set=
ac_cv_env_CFLAGS_value=
ac_cv_env_CPPFLAGS_set=
ac_cv_env_CPPFLAGS_value=
ac_cv_env_CPP_set=
ac_cv_env_CPP_value=
ac_cv_env_LDFLAGS_set=
ac_cv_env_LDFLAGS_value=
ac_cv_env_build_alias_set=
ac_cv_env_build_alias_value=
ac_cv_env_host_alias_set=
ac_cv_env_host_alias_value=
ac_cv_env_target_alias_set=
ac_cv_env_target_alias_value=
ac_cv_exeext=
ac_cv_func_malloc_works=yes
ac_cv_func_memset=yes
ac_cv_header_inttypes_h=yes
ac_cv_header_memory_h=yes
ac_cv_header_stdc=yes
ac_cv_header_stdint_h=yes
ac_cv_header_stdlib_h=yes
ac_cv_header_string_h=yes
ac_cv_header_strings_h=yes
ac_cv_header_sys_stat_h=yes
ac_cv_header_sys_types_h=yes
ac_cv_header_unistd_h=yes
ac_cv_objext=o
ac_cv_path_install='/usr/bin/install -c'
ac_cv_prog_AWK=gawk
ac_cv_prog_CPP='gcc -E'
ac_cv_prog_ac_ct_CC=gcc
ac_cv_prog_cc_g=yes
ac_cv_prog_cc_stdc=
ac_cv_prog_make_make_set=yes
am_cv_CC_dependencies_compiler_type=gcc3

## ----------- ##
## confdefs.h. ##
## ----------- ##

#define PACKAGE_NAME ""
#define PACKAGE_TARNAME ""
#define PACKAGE_VERSION ""
#define PACKAGE_STRING ""
#define PACKAGE_BUGREPORT ""
#define PACKAGE "mp3wrap"
#define VERSION "0.5"
#define HAVE_MEMSET 1
#define STDC_HEADERS 1
#define HAVE_SYS_TYPES_H 1
#define HAVE_SYS_STAT_H 1
#define HAVE_STDLIB_H 1
#define HAVE_STRING_H 1
#define HAVE_MEMORY_H 1
#define HAVE_STRINGS_H 1
#define HAVE_INTTYPES_H 1
#define HAVE_STDINT_H 1
#define HAVE_UNISTD_H 1
#define HAVE_STDLIB_H 1
#define HAVE_MALLOC 1

configure: exit 0
